/* OS Globals */

800000e4:currentThread
// more

/* Dol */

// Runtime.PPCEABI.H.a
// __mem.c
80004000:memcpy
80004104:memset

// mapdata.c
// text
800294e0:mapDataPtr
// data
804031b8:mapDataList

// mobjdrv.c
8002c8e8:mobjNameToPtrNoAssert
// more

// msgdrv.c
8003270c:msgSearch
// more

// swdrv.c
80037eac:swInit
80037f48:swReInit
80037fac:swSet
80037fec:swGet
80038034:swClear
80038074:swByteSet
800380f8:swByteGet
8003811c:_swSet
8003815c:_swGet
800381a4:_swClear
800381e4:_swByteSet
800381f4:_swByteGet
// more

// windowdrv.c
8003ab80:windowDispGX2_Waku_col
// more

// camdrv.c
80055b24:camGetPtr
// more

// dispdrv.c
8005af04:dispEntry
// more

// effdrv.c
80061d78:func_80061d78

// fadedrv.c
800677f8:fadeIsFinish
// more

// icondrv.c
800731b0:iconDispGx
// more

// itemdrv.c
80078b3c:itemEntry

// item_data.c
803f5f98:itemDataTable
// more

// item_event_data.c
803fbc10:itemEventDataTable
// more

// evt_snd.c
800d2148:evt_snd_bgmon
800d36f4:func_800d36f4
// more

// evt_sub.c
800d37d8:evt_sub_intpl_msec_init
800d3878:evt_sub_intpl_msec_get_value
800d40a4:evt_sub_random
800d4de4:func_800d4de4
800d74a0:func_800d74a0
// more

// evtmgr.c
800d87e4:evtGetWork
800d8b88:evtEntry
800d8df4:evtEntryType
800d9060:evtChildEntry
800d9370:evtBrotherEntry
800d9b88:evtCheckId
// more

// evtmgr_cmd.c
// text
800dd500:evt_debug_put_msg
800dd534:evt_debug_put_reg
800de594:evtGetValue
800de9b8:evtSetValue
// bss
8050ce30:evt_debug_put_reg_str
// more

// evt_door.c
// text
800e11e0:func_800e11e0
800e2610:evt_door_set_door_descs
800e3588:evt_door_set_dokan_descs
800e4118:evt_door_set_map_door_descs
800e4308:evt_door_enable_disable_map_door_desc
// data
8041a2b0:evt_8041a2b0
// more

// evt_fade.c
800e7100:evt_fade_end_wait
// more

// evt_fairy.c
800e8214:evt_fairy_flag_onoff
// more

// evt_guide.c
800ea87c:evt_guide_flag2_onoff
800ea984:evt_guide_check_flag0
// more

// evt_hit.c
800eb72c:evt_hitobj_attr_onoff
// more

// evt_map.c
800edf24:evt_mapobj_flag_onoff
800edfec:evt_mapobj_flag4_onoff
800ed6c0:evt_mapobj_trans
800edb54:evt_mapobj_color
// more

// evt_mario.c
800ef4c0:evt_mario_flag8_onoff
800ef650:evt_mario_key_off
800ef62c:evt_mario_key_on
800efa4c:evt_mario_get_pos
800f25b0:evt_set_gravity
// more

// evt_mobj.c
// text
800f3608:evt_mobj_delete
800f380c:evt_mobj_flag_onoff
800f5ad8:evt_mobj_zyo
800f61ac:evt_mobj_thako
800f6440:evt_mobj_kan
800f6610:evt_mobj_arrow
800f8be8:evt_mobj_blk
// more
// data
8041b6d8:mobj_save_blk_sysevt
// more

// evt_msg.c
800fba54:evt_msg_print
800fbe74:evt_msg_continue
// more

// evt_npc.c
800fe21c:evt_npc_set_position
80102f5c:evt_npc_entry
80103054:func_80103054
80103108:func_80103108
80104694:func_80104694
8010368c:evt_npc_flag8_onoff
801039b8:evt_npc_animflag_onoff
80104c94:evt_npc_set_property
80104fac:evt_npc_modify_part
801059d0:func_801059d0
80106724:evt_npc_entry_from_template
80107cfc:func_80107cfc
80107d20:func_80107d20
80108194:func_80108194
8010a910:evt_npc_teleport_effect
// more

// evt_seq.c
8010d028:evt_seq_set_seq
8010d0a0:evt_seq_wait
// more

// evt_shop.c
80111d1c:evt_shop_set_defs

// mario.c
80121f48:marioGetPtr
80122b68:marioCtrlOffChk
80122b7c:marioKeyOffChk
80122bf4:marioKeyOff
80122c2c:marioKeyOn
8012b50c:marioSetGravity
// more

// mario_motion.c
80146f0c:func_80146f0c
// more

// mario_pouch.c
8014c088:pouchGetPtr
8014d458:pouchGetHp
8014d468:pouchAddHp
8014d4f8:pouchGetXp
8014d508:pouchAddXp
8014d5f8:pouchAddItem
8014df4c:pouchRemoveItem
8014eb68:pouchRemoveShopItem
8014f31c:pouchGetCurPixl
8014fa20:pouchCountUseItems
8014fad0:pouchCountKeyItems
8014fb78:pouchCountShopItems
8014fc20:pouchCountChars
8014fc70:pouchCountPixls
// more

// seq_logo.c
80179140:seq_logoMain
// more

// seq_mapchange.c
8017af98:_unload
// more

// seq_game.c
8017ce44:seq_gameInit
// more

// seqdrv.c
// text
8017bf2c:seqInit_SPMARIO
8017bf6c:seqMain
8017c074:seqSetSeq
8017c084:seqGetSeq
// data
80512360:seqWork

// pausewin.c
801853cc:pausewinPauseGame
80185510:pausewinUnpauseGame
// more

// charpixlitemwin.c
80195f98:charPixlItemWinIsClosed
// more

// hud.c
80199490:hudLoadStats
80199ad0:hudHide
// more

// system.c
8019d254:irand
8019c54c:__assert2
// more

// debug.c
8019e33c:OSPanic

// fontmgr.c
801a0070:FontDrawStart
801a0150:FontDrawStart_alpha
801a0228:FontDrawEdge
801a0234:FontDrawEdgeOff
801a0240:FontDrawRainbowColor
801a02e0:FontDrawRainbowColorOff
801a02e8:FontDrawNoise
801a03f4:FontDrawNoiseOff
801a0420:FontDrawColorIDX
801a04b8:FontDrawColor
801a0554:FontDrawColor_
801a05dc:FontGetDrawColor
801a05e4:FontDrawScale
801a05fc:FontDrawCode
801a09d4:FontDrawString
801a151c:FontDrawMessage
801a1d50:FontDrawMessageMtx
801a28ac:FontGetMessageWidth
// more

// romfont.c
// text
801a773c:romFontPrintGX
801a7c44:romFontGetWidth
// more
// sdata
805ae170:romfontWp

// spmario.c
// text
801a7ddc:spmarioInit
801a84d8:spmarioMain
801a8748:spmarioDisp
801a8770:spmarioSystemLevel
801a87ec:spmarioGetSystemLevel
801a87f4:viPostCallback
801a898c:wiiDvdCheckThread
801a8db4:wiiRumbleCheck
// 801a9068
// 801a9074
// 801a9080
// 801a908c
// sdata
805ae178:gp
// sbss
805ae9c1:doShutdown

// seqdef.c
804287a8:seq_data

// memory.c
// text
801a626c:__memAlloc
801a62f0:__memFree
// data
8042a408:size_table
// sdata
805ae168:memoryWp
805ae16c:memorySwp
// more

// DEMOInit.c
801a94c8:DEMOBeforeRender
801a9590:DEMODoneRender
// more

// wpadmgr.c
80237688:wpadGetButtonsHeld
802376b0:wpadGetButtonsPressed
802376c4:wpadGetButtonsHeldRepeat
// more

// spmario_snd.c
80238598:spsndExit
8023c93c:spsndBGMOn
8023c948:spsndBGMOff_f_d
// more

// relmgr.c
// text
8023e434:relInit
8023e444:loadRel
8023e600:isRelLoaded
// sdata
805ae1a0:relWp
805ae1a4:relDecompName
805ae1a8:relCompName

// nandmgr.c
8023e9ec:nandGetSaveFiles
8023edcc:nandUpdateSave
8023efe0:nandLoadSave
// more

// MSL_C.PPCEABI.bare.H.a
// printf.c
8025d098:sprintf
// more
// string.c
8025a874:memmove
8025e8fc:strcpy
8025ea78:strcmp
8025eb94:strncmp
8025e784:sscanf
80267018:strlen
// more

// os.a
// OSCache.c
80270050:DCFlushRange
802700d8:ICInvalidateRange
// more
// OSContext.c
80270934:OSDumpContext
// more
// OSError.c
// text
80270c60:OSReport
80270f78:__OSUnhandledException
802729b8:OSFatal
// more
// rodata
804ea600:exceptionMsg1
804ea6ac:exceptionMsg2
804ea710:exceptionMsg3
// OSFont.c
80273494:OSGetFontEncode
80273868:OSLoadFont
80273c48:OSGetFontTexel
// more
// OSInterrupt.c
80273ed8:OSDisableInterrupts
80273f00:OSRestoreInterrupts
// OSReset.c
80275fd4:OSShutdownSystem
// more
// OSThread.c
80277ffc:OSSuspendThread
// OSTime
80278370:OSGetTime
// more

// mtx.a
// mtx.c
8027a270:PSMTXIdentity
8027afac:C_MTXOrtho
// more

// vi.a
// vi.c
802837a8:VIWaitForRetrace
8028472c:VIFlush
802848ac:VISetBlack
// more

// gx.a
// GXTransform.c
80294214:GXSetProjection
// more

// mem.a
// mem_expHeap.c
80295cb8:MEMGetAllocatableSizeForExpHeapEx
80295d90:MEMGetSizeForMBlockExpHeap

// ipc.a
80298268:IOS_Open
80298448:IOS_Close
// more

// NAND.a
8029983c:NANDCreateAsync
802999dc:NANDDeleteAsync
80299bdc:NANDReadAsync
80299cbc:NANDWriteAsync
8029a73c:NANDSafeOpenAsync
8029ac98:NANDSafeCloseAsync
8029bbe4:NANDChangeDirAsync
8029bdf8:NANDGetHomeDir
8029c5b0:NANDCheckAsync
// more

// lzss10.c
802e2598:lzss10GetDecompSize
802e25d8:lzss10Decompress
802e270c:lzss10ParseHeader

/* Rel */

// Sections:
//   00000000 0 none
//   80c458fc 1 .text 
//   80ca9ad8 2 .ctors 
//   80ca9adc 3 .dtors 
//   80ca9ae8 4 .rodata 
//   80cf5180 5 .data 
//   80f64340 6 .bss 

// machi.c
52e4:evt_machi_set_elv_descs?1,1
// more

// dan.c
// text
80c81eb0:evt_dan_read_data
80c82188:evt_dan_handle_map_parts
80c82448:evt_dan_handle_dokans
80c8269c:evt_dan_handle_doors
80c82abc:evt_dan_get_door_names
80c82b24:evt_dan_get_exit_door_name_l
80c82b5c:evt_dan_get_enemy_info
80c82d38:func_80c82d38
80c83240:evt_dan_get_enemy_spawn_pos
80c8343c:evt_dan_decide_key_enemy
80c834e8:danCountdownDone
80c834f8:evt_dan_start_countdown
80c83528:danCheckKeyInMapBbox
80c83618:danCheckKeyEnemyInMapBbox
80c83744:evt_dan_handle_key_failsafe
80c8387c:evt_dan_handle_chest_room_dokans_and_doors
80c83928:evt_dan_get_chest_room_item
80c83990:evt_dan_boss_room_set_door_name
80c839cc:func_80c839cc
80c83a3c:wracktailDispCb
80c83c04:evt_dan_set_wracktail_disp_cb
80c83c48:func_80c83c48
80c83c98:screenBlinkDisp
80c83f28:evt_dan_screen_blink
80c83f6c:func_80c83f6c
// data
80e4fef8:danMapParts
80e4ff38:danDokanDescs
80e50038:danMapDoorDescs
80e50078:danFlipsideLockItems
80e50080:danFlopsideLockItems
80e50088:dan_lock_interact_evt
80e50160:dan_lock_open_evt
80e50198:dan_enemy_room_init_evt
80e50560:danChestRoomDokanDesc
80e50580:danChestRoomMapDoorDescs
80e505c0:dan_exit_pipe_sign_interact_evt
80e505f8:dan_chest_open_evt
80e50730:rotenShopItems
80e50848:rotenShopDef
80e50860:rotenTribeAnimDefs
80e508a0:dan_chest_room_init_evt
80e510e8:dan_30_map_door_desc
80e51108:dan_30_dokan_desc
80e51128:dan_70_dokan_desc
80e51148:dan_30_init_evt
80e51378:dan_70_init_evt
80e515a8:dashellTribeAnimDefs
80e515d0:dan_30_chest_interact_evt
80e516e8:dan_30_chest_open_evt
80e522f0:wracktailTribeAnimDefs
80e52338:dan_wracktail_main_evt
80e53820:dan_start_wracktail_evt
80e53900:dan_70_mario_chest_open_evt
80e53988:dan_70_dark_mario_chest_open_evt
80e53a10:dan_70_peach_chest_open_evt
80e53a98:dan_70_dark_peach_chest_open_evt
80e53b20:dan_70_bowser_chest_open_evt
80e53ba8:dan_70_dark_bowser_chest_open_evt
80e53c30:dan_70_luigi_chest_open_evt
80e53cb8:dan_70_dark_luigi_chest_open_evt
80e53d40:dan_shadoo_main_evt
80e54588:dan_shadoo_fight_evt
80e54bc8:dan_shadoo_defeat_evt
80e54ccc:dan_70_reward_appear_evt
80e55848:dan_start_shadoo_evt
